[debug] [2025-01-21T22:40:30.917Z] ----------------------------------------------------------------------
[debug] [2025-01-21T22:40:30.919Z] Command:       /usr/local/bin/node /usr/local/bin/firebase deploy
[debug] [2025-01-21T22:40:30.920Z] CLI Version:   13.24.2
[debug] [2025-01-21T22:40:30.920Z] Platform:      darwin
[debug] [2025-01-21T22:40:30.920Z] Node Version:  v20.14.0
[debug] [2025-01-21T22:40:30.920Z] Time:          Tue Jan 21 2025 23:40:30 GMT+0100 (Central European Standard Time)
[debug] [2025-01-21T22:40:30.920Z] ----------------------------------------------------------------------
[debug] 
[debug] [2025-01-21T22:40:30.983Z] > command requires scopes: ["email","openid","https://www.googleapis.com/auth/cloudplatformprojects.readonly","https://www.googleapis.com/auth/firebase","https://www.googleapis.com/auth/cloud-platform"]
[debug] [2025-01-21T22:40:30.984Z] > authorizing via signed-in user (jockahun@gmail.com)
[debug] [2025-01-21T22:40:30.984Z] [iam] checking project kolora for permissions ["firebase.projects.get","firebasehosting.sites.update"]
[debug] [2025-01-21T22:40:30.985Z] Checked if tokens are valid: true, expires at: 1737502343519
[debug] [2025-01-21T22:40:30.985Z] Checked if tokens are valid: true, expires at: 1737502343519
[debug] [2025-01-21T22:40:30.985Z] >>> [apiv2][query] POST https://cloudresourcemanager.googleapis.com/v1/projects/kolora:testIamPermissions [none]
[debug] [2025-01-21T22:40:30.986Z] >>> [apiv2][(partial)header] POST https://cloudresourcemanager.googleapis.com/v1/projects/kolora:testIamPermissions x-goog-quota-user=projects/kolora
[debug] [2025-01-21T22:40:30.986Z] >>> [apiv2][body] POST https://cloudresourcemanager.googleapis.com/v1/projects/kolora:testIamPermissions {"permissions":["firebase.projects.get","firebasehosting.sites.update"]}
[debug] [2025-01-21T22:40:31.901Z] <<< [apiv2][status] POST https://cloudresourcemanager.googleapis.com/v1/projects/kolora:testIamPermissions 200
[debug] [2025-01-21T22:40:31.901Z] <<< [apiv2][body] POST https://cloudresourcemanager.googleapis.com/v1/projects/kolora:testIamPermissions {"permissions":["firebase.projects.get","firebasehosting.sites.update"]}
[debug] [2025-01-21T22:40:31.902Z] Checked if tokens are valid: true, expires at: 1737502343519
[debug] [2025-01-21T22:40:31.902Z] Checked if tokens are valid: true, expires at: 1737502343519
[debug] [2025-01-21T22:40:31.902Z] >>> [apiv2][query] GET https://firebase.googleapis.com/v1beta1/projects/kolora [none]
[debug] [2025-01-21T22:40:32.326Z] <<< [apiv2][status] GET https://firebase.googleapis.com/v1beta1/projects/kolora 200
[debug] [2025-01-21T22:40:32.326Z] <<< [apiv2][body] GET https://firebase.googleapis.com/v1beta1/projects/kolora {"projectId":"kolora","projectNumber":"421028054170","displayName":"kolora","name":"projects/kolora","resources":{"hostingSite":"kolora"},"state":"ACTIVE","etag":"1_8b300ae8-e116-4e34-9c4b-68eb6856751b"}
[info] 
[info] === Deploying to 'kolora'...
[info] 
[info] i  deploying hosting 
[debug] [2025-01-21T22:40:32.330Z] Checked if tokens are valid: true, expires at: 1737502343519
[debug] [2025-01-21T22:40:32.330Z] Checked if tokens are valid: true, expires at: 1737502343519
[debug] [2025-01-21T22:40:32.331Z] >>> [apiv2][query] POST https://firebasehosting.googleapis.com/v1beta1/projects/-/sites/kolora/versions [none]
[debug] [2025-01-21T22:40:32.331Z] >>> [apiv2][body] POST https://firebasehosting.googleapis.com/v1beta1/projects/-/sites/kolora/versions {"status":"CREATED","labels":{"deployment-tool":"cli-firebase"}}
